#
# A fatal error has been detected by the Java Runtime Environment:
#
#  EXCEPTION_ACCESS_VIOLATION (0xc0000005) at pc=0x000002815846112d, pid=80764, tid=106000
#
# JRE version: OpenJDK Runtime Environment Corretto-11.0.22.7.1 (11.0.22+7) (build 11.0.22+7-LTS)
# Java VM: OpenJDK 64-Bit Server VM Corretto-11.0.22.7.1 (11.0.22+7-LTS, mixed mode, tiered, compressed oops, g1 gc, windows-amd64)
# Problematic frame:
# v  ~StubRoutines::get_previous_fp
#
# No core dump will be written. Minidumps are not enabled by default on client versions of Windows
#
# If you would like to submit a bug report, please visit:
#   https://github.com/corretto/corretto-11/issues/
#

---------------  S U M M A R Y ------------

Command Line: -agentlib:jdwp=transport=dt_socket,address=127.0.0.1:31591,suspend=y,server=n -XX:TieredStopAtLevel=1 -Xverify:none -Dspring.output.ansi.enabled=always -Dcom.sun.management.jmxremote -Dspring.jmx.enabled=true -Dspring.liveBeansView.mbeanDomain -Dspring.application.admin.enabled=true -Dmanagement.endpoints.jmx.exposure.include=* -javaagent:C:\Users\86136\AppData\Local\JetBrains\IntelliJIdea2023.3\captureAgent\debugger-agent.jar=file:/C:/Users/86136/AppData/Local/Temp/capture1.props -Dfile.encoding=UTF-8 com.jzo2o.foundations.FoundationsApplication

Host: AMD Ryzen 7 6800H with Radeon Graphics         , 16 cores, 15G,  Windows 11 , 64 bit Build 22000 (10.0.22000.708)
Time: Sat May 25 17:20:43 2024  Windows 11 , 64 bit Build 22000 (10.0.22000.708) elapsed time: 1.081742 seconds (0d 0h 0m 1s)

---------------  T H R E A D  ---------------

Current thread (0x000002814fcf5800):  JavaThread "main" [_thread_in_vm, id=106000, stack(0x000000a2dcd00000,0x000000a2dce00000)]

Stack: [0x000000a2dcd00000,0x000000a2dce00000],  sp=0x000000a2dcdff4b0,  free space=1021k
Native frames: (J=compiled Java code, j=interpreted, Vv=VM code, C=native code)
C  0x000002815846112d


siginfo: EXCEPTION_ACCESS_VIOLATION (0xc0000005), reading address 0x00000000000003d8


Register to memory mapping:

RIP=0x000002815846112d is at begin+8 in a stub
StubRoutines::get_previous_fp [0x0000028158461125, 0x0000028158461132[ (13 bytes)
RAX=0x00000000000003d8 is an unknown value
RBX=0x000000a2dcdff550 is pointing into the stack for thread: 0x000002814fcf5800
RCX=0x000000a2dcdff550 is pointing into the stack for thread: 0x000002814fcf5800
RDX=0x0 is NULL
RSP=0x000000a2dcdff4b0 is pointing into the stack for thread: 0x000002814fcf5800
RBP=0x000000a2dcdff4b0 is pointing into the stack for thread: 0x000002814fcf5800
RSI=0x0 is NULL
RDI=0x000002814fcf5800 is a thread
R8 =0x000000a2dcdff428 is pointing into the stack for thread: 0x000002814fcf5800
R9 =0x0 is NULL
R10=0x0 is NULL
R11=0x000000a2dcdff4e0 is pointing into the stack for thread: 0x000002814fcf5800
R12=0x000002814fcf6338 points into unknown readable memory: 0x080644b488df0e40 | 40 0e df 88 b4 44 06 08
R13=0x000002814fd7ec80 points into unknown readable memory: 0x000002814d977680 | 80 76 97 4d 81 02 00 00
R14=0x00000281756d9740 points into unknown readable memory: 0x0000028174881290 | 90 12 88 74 81 02 00 00
R15=0x000002814fcf5f60 points into unknown readable memory: 0x0072006f006d0020 | 20 00 6d 00 6f 00 72 00


Registers:
RAX=0x00000000000003d8, RBX=0x000000a2dcdff550, RCX=0x000000a2dcdff550, RDX=0x0000000000000000
RSP=0x000000a2dcdff4b0, RBP=0x000000a2dcdff4b0, RSI=0x0000000000000000, RDI=0x000002814fcf5800
R8 =0x000000a2dcdff428, R9 =0x0000000000000000, R10=0x0000000000000000, R11=0x000000a2dcdff4e0
R12=0x000002814fcf6338, R13=0x000002814fd7ec80, R14=0x00000281756d9740, R15=0x000002814fcf5f60
RIP=0x000002815846112d, EFLAGS=0x0000000000010202

Top of Stack: (sp=0x000000a2dcdff4b0)
0x000000a2dcdff4b0:   00000000000003d8 00007ffdede95376
0x000000a2dcdff4c0:   00007ffed4a8f550 00007ffed4a8f550
0x000000a2dcdff4d0:   000000a2dcdff570 000000a2dcdff500
0x000000a2dcdff4e0:   000002814fcf5f50 00007ffded91232c
0x000000a2dcdff4f0:   000000a2dcdff560 000002814d974d70
0x000000a2dcdff500:   00000000000007d0 0000000000007fd8
0x000000a2dcdff510:   000002814fcf5800 00007ffdedfe9301
0x000000a2dcdff520:   000002814d974d70 000002814fcf5f50
0x000000a2dcdff530:   000002814fcf5f50 000002814d983a00
0x000000a2dcdff540:   000002814da2c838 00007ffec8a1148c
0x000000a2dcdff550:   0000000000000024 00007ffec8a182d0
0x000000a2dcdff560:   000000a2dcdff5b0 00007ffed4a8f550
0x000000a2dcdff570:   00007ffed4a8f550 0000000000000000
0x000000a2dcdff580:   0000cbb5b3de88c4 00007ffec8a17ae0
0x000000a2dcdff590:   000002814fcf5800 00007ffdede97ac0
0x000000a2dcdff5a0:   000002814fcf5b48 00007ffec8a182d0 

Instructions: (pc=0x000002815846112d)
0x000002815846102d:   84 83 00 00 00 83 fa 07 0f 84 80 00 00 00 89 01
0x000002815846103d:   48 8d a5 28 fe ff ff c5 fa 6f 75 b8 c5 fa 6f 7d
0x000002815846104d:   a8 c5 7a 6f 45 98 c5 7a 6f 4d 88 c5 7a 6f 95 78
0x000002815846105d:   ff ff ff c5 7a 6f 9d 68 ff ff ff c5 7a 6f a5 58
0x000002815846106d:   ff ff ff c5 7a 6f ad 48 ff ff ff c5 7a 6f b5 38
0x000002815846107d:   ff ff ff c5 7a 6f bd 28 ff ff ff 4c 8b 7d c8 4c
0x000002815846108d:   8b 75 d0 4c 8b 6d d8 4c 8b 65 e0 48 8b 5d f8 48
0x000002815846109d:   8b 7d e8 48 8b 75 f0 48 81 c4 d8 01 00 00 c5 f8
0x00000281584610ad:   77 5d c3 48 89 01 eb 88 c5 fa 11 01 eb 82 c5 fb
0x00000281584610bd:   11 01 e9 79 ff ff ff 49 89 47 08 49 ba a0 53 19
0x00000281584610cd:   ee fd 7f 00 00 4d 89 57 10 41 c7 47 18 da 01 00
0x00000281584610dd:   00 e9 2d ff ff ff 8b c1 87 02 c3 48 8b c1 48 87
0x00000281584610ed:   02 c3 41 8b c0 f0 0f b1 0a c3 49 0f be c0 f0 0f
0x00000281584610fd:   b0 0a c3 49 8b c0 f0 48 0f b1 0a c3 8b c1 f0 0f
0x000002815846110d:   c1 0a 03 c1 c3 48 8b c1 f0 48 0f c1 0a 48 03 c1
0x000002815846111d:   c3 f0 83 44 24 c0 00 c3 55 48 8b ec 48 8b 45 00
0x000002815846112d:   48 8b 00 5d c3 48 8b c4 48 83 c0 08 c3 c3 0f 1f
0x000002815846113d:   44 00 00 55 48 8b ec 49 b9 30 05 2f ee fd 7f 00
0x000002815846114d:   00 f7 d1 41 83 f8 10 0f 8c 38 02 00 00 44 8b da
0x000002815846115d:   41 83 e3 0f 74 23 41 83 eb 10 45 03 c3 66 90 0f
0x000002815846116d:   be 02 33 c1 81 e0 ff 00 00 00 c1 e9 08 41 33 0c
0x000002815846117d:   81 48 ff c2 41 ff c3 7c e6 45 8b d8 41 c1 e8 04
0x000002815846118d:   0f 84 fc 01 00 00 c5 f9 6f 0a c5 f9 7e c8 33 c8
0x000002815846119d:   c4 e3 71 22 c9 00 48 83 c2 10 41 83 e8 04 0f 8c
0x00000281584611ad:   d7 00 00 00 c5 f9 6f 12 c5 f9 6f 5a 10 c5 f9 6f
0x00000281584611bd:   62 20 48 83 c2 30 41 83 e8 03 0f 8e 70 00 00 00
0x00000281584611cd:   49 ba 20 05 2f ee fd 7f 00 00 c4 c1 7a 6f 02 0f
0x00000281584611dd:   1f 40 00 c4 e3 79 44 e9 11 c4 e3 79 44 c9 00 c5
0x00000281584611ed:   f1 ef 0a c5 f1 ef cd c4 e3 79 44 ea 11 c4 e3 79
0x00000281584611fd:   44 d2 00 c5 e9 ef 52 10 c5 e9 ef d5 c4 e3 79 44
0x000002815846120d:   eb 11 c4 e3 79 44 db 00 c5 e1 ef 5a 20 c5 e1 ef
0x000002815846121d:   dd c4 e3 79 44 ec 11 c4 e3 79 44 e4 00 c5 d9 ef 


Stack slot to memory mapping:
stack at sp + 0 slots: 0x00000000000003d8 is an unknown value
stack at sp + 1 slots: 0x00007ffdede95376 jvm.dll
stack at sp + 2 slots: 0x00007ffed4a8f550 ucrtbase.dll
stack at sp + 3 slots: 0x00007ffed4a8f550 ucrtbase.dll
stack at sp + 4 slots: 0x000000a2dcdff570 is pointing into the stack for thread: 0x000002814fcf5800
stack at sp + 5 slots: 0x000000a2dcdff500 is pointing into the stack for thread: 0x000002814fcf5800
stack at sp + 6 slots: 0x000002814fcf5f50 points into unknown readable memory: 0x00000281756d9730 | 30 97 6d 75 81 02 00 00
stack at sp + 7 slots: 0x00007ffded91232c jvm.dll

StubRoutines::get_previous_fp [0x0000028158461125, 0x0000028158461132[ (13 bytes)
---------------  P R O C E S S  ---------------

Threads class SMR info:
_java_thread_list=0x0000028174ad3a40, length=12, elements={
0x000002814fcf5800, 0x00000281747d3000, 0x00000281747dc000, 0x0000028174845000,
0x0000028174846000, 0x0000028174847000, 0x000002817484a000, 0x0000028174857000,
0x0000028173cc5000, 0x0000028174ac5800, 0x0000028174ac1000, 0x0000028174ac2000
}
_to_delete_list=0x0000028174ad39b0, length=11, elements={
0x000002814fcf5800, 0x00000281747d3000, 0x00000281747dc000, 0x0000028174845000,
0x0000028174846000, 0x0000028174847000, 0x000002817484a000, 0x0000028174857000,
0x0000028173cc5000, 0x0000028174ac5800, 0x0000028174ac1000
}

Java Threads: ( => current thread )
=>0x000002814fcf5800 JavaThread "main" [_thread_in_vm, id=106000, stack(0x000000a2dcd00000,0x000000a2dce00000)]
  0x00000281747d3000 JavaThread "Reference Handler" daemon [_thread_blocked, id=87180, stack(0x000000a2dd400000,0x000000a2dd500000)]
  0x00000281747dc000 JavaThread "Finalizer" daemon [_thread_blocked, id=102468, stack(0x000000a2dd500000,0x000000a2dd600000)]
  0x0000028174845000 JavaThread "Signal Dispatcher" daemon [_thread_blocked, id=72736, stack(0x000000a2dd600000,0x000000a2dd700000)]
  0x0000028174846000 JavaThread "Attach Listener" daemon [_thread_blocked, id=95912, stack(0x000000a2dd700000,0x000000a2dd800000)]
  0x0000028174847000 JavaThread "Service Thread" daemon [_thread_blocked, id=81376, stack(0x000000a2dd800000,0x000000a2dd900000)]
  0x000002817484a000 JavaThread "C1 CompilerThread0" daemon [_thread_blocked, id=113212, stack(0x000000a2dd900000,0x000000a2dda00000)]
  0x0000028174857000 JavaThread "Sweeper thread" daemon [_thread_blocked, id=100772, stack(0x000000a2dda00000,0x000000a2ddb00000)]
  0x0000028173cc5000 JavaThread "Common-Cleaner" daemon [_thread_blocked, id=106544, stack(0x000000a2ddb00000,0x000000a2ddc00000)]
  0x0000028174ac5800 JavaThread "JDWP Transport Listener: dt_socket" daemon [_thread_blocked, id=55196, stack(0x000000a2ddc00000,0x000000a2ddd00000)]
  0x0000028174ac1000 JavaThread "JDWP Event Helper Thread" daemon [_thread_blocked, id=113648, stack(0x000000a2ddd00000,0x000000a2dde00000)]
  0x0000028174ac2000 JavaThread "JDWP Command Reader" daemon [_thread_in_native, id=104824, stack(0x000000a2dde00000,0x000000a2ddf00000)]

Other Threads:
  0x00000281747af000 VMThread "VM Thread" [stack: 0x000000a2dd300000,0x000000a2dd400000] [id=113756]
  0x000002814fd11800 GCTaskThread "GC Thread#0" [stack: 0x000000a2dce00000,0x000000a2dcf00000] [id=72732]
  0x0000028175683800 GCTaskThread "GC Thread#1" [stack: 0x000000a2ddf00000,0x000000a2de000000] [id=110772]
  0x0000028175684800 GCTaskThread "GC Thread#2" [stack: 0x000000a2de000000,0x000000a2de100000] [id=17432]
  0x0000028175685800 GCTaskThread "GC Thread#3" [stack: 0x000000a2de100000,0x000000a2de200000] [id=113512]
  0x0000028175686800 GCTaskThread "GC Thread#4" [stack: 0x000000a2de200000,0x000000a2de300000] [id=70424]
  0x000002814fd6a800 ConcurrentGCThread "G1 Main Marker" [stack: 0x000000a2dcf00000,0x000000a2dd000000] [id=112268]
  0x000002814fd6c800 ConcurrentGCThread "G1 Conc#0" [stack: 0x000000a2dd000000,0x000000a2dd100000] [id=84408]
  0x0000028173bf3800 ConcurrentGCThread "G1 Refine#0" [stack: 0x000000a2dd100000,0x000000a2dd200000] [id=110552]
  0x0000028173bf7800 ConcurrentGCThread "G1 Young RemSet Sampling" [stack: 0x000000a2dd200000,0x000000a2dd300000] [id=21976]

Threads with active compile tasks:

VM state:not at safepoint (normal execution)

VM Mutex/Monitor currently owned by a thread: None

Heap address: 0x000000070c000000, size: 3904 MB, Compressed Oops mode: Zero based, Oop shift amount: 3
Narrow klass base: 0x0000000800000000, Narrow klass shift: 0
Compressed class space size: 1073741824 Address: 0x0000000800000000

Heap:
 garbage-first heap   total 249856K, used 15084K [0x000000070c000000, 0x0000000800000000)
  region size 1024K, 5 young (5120K), 3 survivors (3072K)
 Metaspace       used 8434K, capacity 8635K, committed 8832K, reserved 1056768K
  class space    used 764K, capacity 809K, committed 896K, reserved 1048576K
Heap Regions: E=young(eden), S=young(survivor), O=old, HS=humongous(starts), HC=humongous(continues), CS=collection set, F=free, A=archive, TAMS=top-at-mark-start (previous, next)
|   0|0x000000070c000000, 0x000000070c000000, 0x000000070c100000|  0%| F|  |TAMS 0x000000070c000000, 0x000000070c000000| Untracked 
|   1|0x000000070c100000, 0x000000070c200000, 0x000000070c200000|100%|HS|  |TAMS 0x000000070c100000, 0x000000070c100000| Complete 
|   2|0x000000070c200000, 0x000000070c300000, 0x000000070c300000|100%|HS|  |TAMS 0x000000070c200000, 0x000000070c200000| Complete 
|   3|0x000000070c300000, 0x000000070c400000, 0x000000070c400000|100%| O|  |TAMS 0x000000070c300000, 0x000000070c300000| Untracked 
|   4|0x000000070c400000, 0x000000070c500000, 0x000000070c500000|100%| O|  |TAMS 0x000000070c400000, 0x000000070c400000| Untracked 
|   5|0x000000070c500000, 0x000000070c600000, 0x000000070c600000|100%| O|  |TAMS 0x000000070c500000, 0x000000070c500000| Untracked 
|   6|0x000000070c600000, 0x000000070c700000, 0x000000070c700000|100%| O|  |TAMS 0x000000070c600000, 0x000000070c600000| Untracked 
|   7|0x000000070c700000, 0x000000070c800000, 0x000000070c800000|100%| O|  |TAMS 0x000000070c700000, 0x000000070c700000| Untracked 
|   8|0x000000070c800000, 0x000000070c900000, 0x000000070c900000|100%| O|  |TAMS 0x000000070c800000, 0x000000070c800000| Untracked 
|   9|0x000000070c900000, 0x000000070ca00000, 0x000000070ca00000|100%| O|  |TAMS 0x000000070c900000, 0x000000070c900000| Untracked 
|  10|0x000000070ca00000, 0x000000070cb00000, 0x000000070cb00000|100%| O|  |TAMS 0x000000070ca00000, 0x000000070ca00000| Untracked 
|  11|0x000000070cb00000, 0x000000070cbbb200, 0x000000070cc00000| 73%| O|  |TAMS 0x000000070cb00000, 0x000000070cb00000| Untracked 
|  12|0x000000070cc00000, 0x000000070cc00000, 0x000000070cd00000|  0%| F|  |TAMS 0x000000070cc00000, 0x000000070cc00000| Untracked 
|  13|0x000000070cd00000, 0x000000070cd00000, 0x000000070ce00000|  0%| F|  |TAMS 0x000000070cd00000, 0x000000070cd00000| Untracked 
|  14|0x000000070ce00000, 0x000000070ce00000, 0x000000070cf00000|  0%| F|  |TAMS 0x000000070ce00000, 0x000000070ce00000| Untracked 
|  15|0x000000070cf00000, 0x000000070cf00000, 0x000000070d000000|  0%| F|  |TAMS 0x000000070cf00000, 0x000000070cf00000| Untracked 
|  16|0x000000070d000000, 0x000000070d000000, 0x000000070d100000|  0%| F|  |TAMS 0x000000070d000000, 0x000000070d000000| Untracked 
|  17|0x000000070d100000, 0x000000070d100000, 0x000000070d200000|  0%| F|  |TAMS 0x000000070d100000, 0x000000070d100000| Untracked 
|  18|0x000000070d200000, 0x000000070d200000, 0x000000070d300000|  0%| F|  |TAMS 0x000000070d200000, 0x000000070d200000| Untracked 
|  19|0x000000070d300000, 0x000000070d300000, 0x000000070d400000|  0%| F|  |TAMS 0x000000070d300000, 0x000000070d300000| Untracked 
|  20|0x000000070d400000, 0x000000070d400000, 0x000000070d500000|  0%| F|  |TAMS 0x000000070d400000, 0x000000070d400000| Untracked 
|  21|0x000000070d500000, 0x000000070d500000, 0x000000070d600000|  0%| F|  |TAMS 0x000000070d500000, 0x000000070d500000| Untracked 
|  22|0x000000070d600000, 0x000000070d600000, 0x000000070d700000|  0%| F|  |TAMS 0x000000070d600000, 0x000000070d600000| Untracked 
|  23|0x000000070d700000, 0x000000070d700000, 0x000000070d800000|  0%| F|  |TAMS 0x000000070d700000, 0x000000070d700000| Untracked 
|  24|0x000000070d800000, 0x000000070d800000, 0x000000070d900000|  0%| F|  |TAMS 0x000000070d800000, 0x000000070d800000| Untracked 
|  25|0x000000070d900000, 0x000000070d900000, 0x000000070da00000|  0%| F|  |TAMS 0x000000070d900000, 0x000000070d900000| Untracked 
|  26|0x000000070da00000, 0x000000070da00000, 0x000000070db00000|  0%| F|  |TAMS 0x000000070da00000, 0x000000070da00000| Untracked 
|  27|0x000000070db00000, 0x000000070db00000, 0x000000070dc00000|  0%| F|  |TAMS 0x000000070db00000, 0x000000070db00000| Untracked 
|  28|0x000000070dc00000, 0x000000070dc00000, 0x000000070dd00000|  0%| F|  |TAMS 0x000000070dc00000, 0x000000070dc00000| Untracked 
|  29|0x000000070dd00000, 0x000000070dd00000, 0x000000070de00000|  0%| F|  |TAMS 0x000000070dd00000, 0x000000070dd00000| Untracked 
|  30|0x000000070de00000, 0x000000070de00000, 0x000000070df00000|  0%| F|  |TAMS 0x000000070de00000, 0x000000070de00000| Untracked 
|  31|0x000000070df00000, 0x000000070df00000, 0x000000070e000000|  0%| F|  |TAMS 0x000000070df00000, 0x000000070df00000| Untracked 
|  32|0x000000070e000000, 0x000000070e000000, 0x000000070e100000|  0%| F|  |TAMS 0x000000070e000000, 0x000000070e000000| Untracked 
|  33|0x000000070e100000, 0x000000070e100000, 0x000000070e200000|  0%| F|  |TAMS 0x000000070e100000, 0x000000070e100000| Untracked 
|  34|0x000000070e200000, 0x000000070e200000, 0x000000070e300000|  0%| F|  |TAMS 0x000000070e200000, 0x000000070e200000| Untracked 
|  35|0x000000070e300000, 0x000000070e300000, 0x000000070e400000|  0%| F|  |TAMS 0x000000070e300000, 0x000000070e300000| Untracked 
|  36|0x000000070e400000, 0x000000070e400000, 0x000000070e500000|  0%| F|  |TAMS 0x000000070e400000, 0x000000070e400000| Untracked 
|  37|0x000000070e500000, 0x000000070e500000, 0x000000070e600000|  0%| F|  |TAMS 0x000000070e500000, 0x000000070e500000| Untracked 
|  38|0x000000070e600000, 0x000000070e600000, 0x000000070e700000|  0%| F|  |TAMS 0x000000070e600000, 0x000000070e600000| Untracked 
|  39|0x000000070e700000, 0x000000070e700000, 0x000000070e800000|  0%| F|  |TAMS 0x000000070e700000, 0x000000070e700000| Untracked 
|  40|0x000000070e800000, 0x000000070e800000, 0x000000070e900000|  0%| F|  |TAMS 0x000000070e800000, 0x000000070e800000| Untracked 
|  41|0x000000070e900000, 0x000000070e900000, 0x000000070ea00000|  0%| F|  |TAMS 0x000000070e900000, 0x000000070e900000| Untracked 
|  42|0x000000070ea00000, 0x000000070ea00000, 0x000000070eb00000|  0%| F|  |TAMS 0x000000070ea00000, 0x000000070ea00000| Untracked 
|  43|0x000000070eb00000, 0x000000070eb00000, 0x000000070ec00000|  0%| F|  |TAMS 0x000000070eb00000, 0x000000070eb00000| Untracked 
|  44|0x000000070ec00000, 0x000000070ec00000, 0x000000070ed00000|  0%| F|  |TAMS 0x000000070ec00000, 0x000000070ec00000| Untracked 
|  45|0x000000070ed00000, 0x000000070ed00000, 0x000000070ee00000|  0%| F|  |TAMS 0x000000070ed00000, 0x000000070ed00000| Untracked 
|  46|0x000000070ee00000, 0x000000070ee00000, 0x000000070ef00000|  0%| F|  |TAMS 0x000000070ee00000, 0x000000070ee00000| Untracked 
|  47|0x000000070ef00000, 0x000000070ef00000, 0x000000070f000000|  0%| F|  |TAMS 0x000000070ef00000, 0x000000070ef00000| Untracked 
|  48|0x000000070f000000, 0x000000070f000000, 0x000000070f100000|  0%| F|  |TAMS 0x000000070f000000, 0x000000070f000000| Untracked 
|  49|0x000000070f100000, 0x000000070f100000, 0x000000070f200000|  0%| F|  |TAMS 0x000000070f100000, 0x000000070f100000| Untracked 
|  50|0x000000070f200000, 0x000000070f200000, 0x000000070f300000|  0%| F|  |TAMS 0x000000070f200000, 0x000000070f200000| Untracked 
|  51|0x000000070f300000, 0x000000070f300000, 0x000000070f400000|  0%| F|  |TAMS 0x000000070f300000, 0x000000070f300000| Untracked 
|  52|0x000000070f400000, 0x000000070f400000, 0x000000070f500000|  0%| F|  |TAMS 0x000000070f400000, 0x000000070f400000| Untracked 
|  53|0x000000070f500000, 0x000000070f500000, 0x000000070f600000|  0%| F|  |TAMS 0x000000070f500000, 0x000000070f500000| Untracked 
|  54|0x000000070f600000, 0x000000070f600000, 0x000000070f700000|  0%| F|  |TAMS 0x000000070f600000, 0x000000070f600000| Untracked 
|  55|0x000000070f700000, 0x000000070f700000, 0x000000070f800000|  0%| F|  |TAMS 0x000000070f700000, 0x000000070f700000| Untracked 
|  56|0x000000070f800000, 0x000000070f800000, 0x000000070f900000|  0%| F|  |TAMS 0x000000070f800000, 0x000000070f800000| Untracked 
|  57|0x000000070f900000, 0x000000070f900000, 0x000000070fa00000|  0%| F|  |TAMS 0x000000070f900000, 0x000000070f900000| Untracked 
|  58|0x000000070fa00000, 0x000000070fa00000, 0x000000070fb00000|  0%| F|  |TAMS 0x000000070fa00000, 0x000000070fa00000| Untracked 
|  59|0x000000070fb00000, 0x000000070fb00000, 0x000000070fc00000|  0%| F|  |TAMS 0x000000070fb00000, 0x000000070fb00000| Untracked 
|  60|0x000000070fc00000, 0x000000070fc00000, 0x000000070fd00000|  0%| F|  |TAMS 0x000000070fc00000, 0x000000070fc00000| Untracked 
|  61|0x000000070fd00000, 0x000000070fd00000, 0x000000070fe00000|  0%| F|  |TAMS 0x000000070fd00000, 0x000000070fd00000| Untracked 
|  62|0x000000070fe00000, 0x000000070fe00000, 0x000000070ff00000|  0%| F|  |TAMS 0x000000070fe00000, 0x000000070fe00000| Untracked 
|  63|0x000000070ff00000, 0x000000070ff00000, 0x0000000710000000|  0%| F|  |TAMS 0x000000070ff00000, 0x000000070ff00000| Untracked 
|  64|0x0000000710000000, 0x0000000710000000, 0x0000000710100000|  0%| F|  |TAMS 0x0000000710000000, 0x0000000710000000| Untracked 
|  65|0x0000000710100000, 0x0000000710100000, 0x0000000710200000|  0%| F|  |TAMS 0x0000000710100000, 0x0000000710100000| Untracked 
|  66|0x0000000710200000, 0x0000000710200000, 0x0000000710300000|  0%| F|  |TAMS 0x0000000710200000, 0x0000000710200000| Untracked 
|  67|0x0000000710300000, 0x0000000710300000, 0x0000000710400000|  0%| F|  |TAMS 0x0000000710300000, 0x0000000710300000| Untracked 
|  68|0x0000000710400000, 0x0000000710400000, 0x0000000710500000|  0%| F|  |TAMS 0x0000000710400000, 0x0000000710400000| Untracked 
|  69|0x0000000710500000, 0x0000000710500000, 0x0000000710600000|  0%| F|  |TAMS 0x0000000710500000, 0x0000000710500000| Untracked 
|  70|0x0000000710600000, 0x0000000710600000, 0x0000000710700000|  0%| F|  |TAMS 0x0000000710600000, 0x0000000710600000| Untracked 
|  71|0x0000000710700000, 0x0000000710700000, 0x0000000710800000|  0%| F|  |TAMS 0x0000000710700000, 0x0000000710700000| Untracked 
|  72|0x0000000710800000, 0x0000000710800000, 0x0000000710900000|  0%| F|  |TAMS 0x0000000710800000, 0x0000000710800000| Untracked 
|  73|0x0000000710900000, 0x0000000710900000, 0x0000000710a00000|  0%| F|  |TAMS 0x0000000710900000, 0x0000000710900000| Untracked 
|  74|0x0000000710a00000, 0x0000000710a00000, 0x0000000710b00000|  0%| F|  |TAMS 0x0000000710a00000, 0x0000000710a00000| Untracked 
|  75|0x0000000710b00000, 0x0000000710b00000, 0x0000000710c00000|  0%| F|  |TAMS 0x0000000710b00000, 0x0000000710b00000| Untracked 
|  76|0x0000000710c00000, 0x0000000710c00000, 0x0000000710d00000|  0%| F|  |TAMS 0x0000000710c00000, 0x0000000710c00000| Untracked 
|  77|0x0000000710d00000, 0x0000000710d00000, 0x0000000710e00000|  0%| F|  |TAMS 0x0000000710d00000, 0x0000000710d00000| Untracked 
|  78|0x0000000710e00000, 0x0000000710e00000, 0x0000000710f00000|  0%| F|  |TAMS 0x0000000710e00000, 0x0000000710e00000| Untracked 
|  79|0x0000000710f00000, 0x0000000710f00000, 0x0000000711000000|  0%| F|  |TAMS 0x0000000710f00000, 0x0000000710f00000| Untracked 
|  80|0x0000000711000000, 0x0000000711000000, 0x0000000711100000|  0%| F|  |TAMS 0x0000000711000000, 0x0000000711000000| Untracked 
|  81|0x0000000711100000, 0x0000000711100000, 0x0000000711200000|  0%| F|  |TAMS 0x0000000711100000, 0x0000000711100000| Untracked 
|  82|0x0000000711200000, 0x0000000711200000, 0x0000000711300000|  0%| F|  |TAMS 0x0000000711200000, 0x0000000711200000| Untracked 
|  83|0x0000000711300000, 0x0000000711300000, 0x0000000711400000|  0%| F|  |TAMS 0x0000000711300000, 0x0000000711300000| Untracked 
|  84|0x0000000711400000, 0x0000000711400000, 0x0000000711500000|  0%| F|  |TAMS 0x0000000711400000, 0x0000000711400000| Untracked 
|  85|0x0000000711500000, 0x0000000711500000, 0x0000000711600000|  0%| F|  |TAMS 0x0000000711500000, 0x0000000711500000| Untracked 
|  86|0x0000000711600000, 0x0000000711600000, 0x0000000711700000|  0%| F|  |TAMS 0x0000000711600000, 0x0000000711600000| Untracked 
|  87|0x0000000711700000, 0x0000000711700000, 0x0000000711800000|  0%| F|  |TAMS 0x0000000711700000, 0x0000000711700000| Untracked 
|  88|0x0000000711800000, 0x0000000711800000, 0x0000000711900000|  0%| F|  |TAMS 0x0000000711800000, 0x0000000711800000| Untracked 
|  89|0x0000000711900000, 0x0000000711900000, 0x0000000711a00000|  0%| F|  |TAMS 0x0000000711900000, 0x0000000711900000| Untracked 
|  90|0x0000000711a00000, 0x0000000711a00000, 0x0000000711b00000|  0%| F|  |TAMS 0x0000000711a00000, 0x0000000711a00000| Untracked 
|  91|0x0000000711b00000, 0x0000000711b00000, 0x0000000711c00000|  0%| F|  |TAMS 0x0000000711b00000, 0x0000000711b00000| Untracked 
|  92|0x0000000711c00000, 0x0000000711c00000, 0x0000000711d00000|  0%| F|  |TAMS 0x0000000711c00000, 0x0000000711c00000| Untracked 
|  93|0x0000000711d00000, 0x0000000711d00000, 0x0000000711e00000|  0%| F|  |TAMS 0x0000000711d00000, 0x0000000711d00000| Untracked 
|  94|0x0000000711e00000, 0x0000000711e00000, 0x0000000711f00000|  0%| F|  |TAMS 0x0000000711e00000, 0x0000000711e00000| Untracked 
|  95|0x0000000711f00000, 0x0000000711f00000, 0x0000000712000000|  0%| F|  |TAMS 0x0000000711f00000, 0x0000000711f00000| Untracked 
|  96|0x0000000712000000, 0x0000000712000000, 0x0000000712100000|  0%| F|  |TAMS 0x0000000712000000, 0x0000000712000000| Untracked 
|  97|0x0000000712100000, 0x0000000712100000, 0x0000000712200000|  0%| F|  |TAMS 0x0000000712100000, 0x0000000712100000| Untracked 
|  98|0x0000000712200000, 0x0000000712200000, 0x0000000712300000|  0%| F|  |TAMS 0x0000000712200000, 0x0000000712200000| Untracked 
|  99|0x0000000712300000, 0x0000000712300000, 0x0000000712400000|  0%| F|  |TAMS 0x0000000712300000, 0x0000000712300000| Untracked 
| 100|0x0000000712400000, 0x0000000712400000, 0x0000000712500000|  0%| F|  |TAMS 0x0000000712400000, 0x0000000712400000| Untracked 
| 101|0x0000000712500000, 0x0000000712500000, 0x0000000712600000|  0%| F|  |TAMS 0x0000000712500000, 0x0000000712500000| Untracked 
| 102|0x0000000712600000, 0x0000000712600000, 0x0000000712700000|  0%| F|  |TAMS 0x0000000712600000, 0x0000000712600000| Untracked 
| 103|0x0000000712700000, 0x0000000712700000, 0x0000000712800000|  0%| F|  |TAMS 0x0000000712700000, 0x0000000712700000| Untracked 
| 104|0x0000000712800000, 0x0000000712800000, 0x0000000712900000|  0%| F|  |TAMS 0x0000000712800000, 0x0000000712800000| Untracked 
| 105|0x0000000712900000, 0x0000000712900000, 0x0000000712a00000|  0%| F|  |TAMS 0x0000000712900000, 0x0000000712900000| Untracked 
| 106|0x0000000712a00000, 0x0000000712a00000, 0x0000000712b00000|  0%| F|  |TAMS 0x0000000712a00000, 0x0000000712a00000| Untracked 
| 107|0x0000000712b00000, 0x0000000712b00000, 0x0000000712c00000|  0%| F|  |TAMS 0x0000000712b00000, 0x0000000712b00000| Untracked 
| 108|0x0000000712c00000, 0x0000000712c00000, 0x0000000712d00000|  0%| F|  |TAMS 0x0000000712c00000, 0x0000000712c00000| Untracked 
| 109|0x0000000712d00000, 0x0000000712d00000, 0x0000000712e00000|  0%| F|  |TAMS 0x0000000712d00000, 0x0000000712d00000| Untracked 
| 110|0x0000000712e00000, 0x0000000712e00000, 0x0000000712f00000|  0%| F|  |TAMS 0x0000000712e00000, 0x0000000712e00000| Untracked 
| 111|0x0000000712f00000, 0x0000000712f00000, 0x0000000713000000|  0%| F|  |TAMS 0x0000000712f00000, 0x0000000712f00000| Untracked 
| 112|0x0000000713000000, 0x0000000713000000, 0x0000000713100000|  0%| F|  |TAMS 0x0000000713000000, 0x0000000713000000| Untracked 
| 113|0x0000000713100000, 0x0000000713100000, 0x0000000713200000|  0%| F|  |TAMS 0x0000000713100000, 0x0000000713100000| Untracked 
| 114|0x0000000713200000, 0x0000000713200000, 0x0000000713300000|  0%| F|  |TAMS 0x0000000713200000, 0x0000000713200000| Untracked 
| 115|0x0000000713300000, 0x0000000713300000, 0x0000000713400000|  0%| F|  |TAMS 0x0000000713300000, 0x0000000713300000| Untracked 
| 116|0x0000000713400000, 0x0000000713400000, 0x0000000713500000|  0%| F|  |TAMS 0x0000000713400000, 0x0000000713400000| Untracked 
| 117|0x0000000713500000, 0x0000000713500000, 0x0000000713600000|  0%| F|  |TAMS 0x0000000713500000, 0x0000000713500000| Untracked 
| 118|0x0000000713600000, 0x0000000713600000, 0x0000000713700000|  0%| F|  |TAMS 0x0000000713600000, 0x0000000713600000| Untracked 
| 119|0x0000000713700000, 0x0000000713700000, 0x0000000713800000|  0%| F|  |TAMS 0x0000000713700000, 0x0000000713700000| Untracked 
| 120|0x0000000713800000, 0x0000000713800000, 0x0000000713900000|  0%| F|  |TAMS 0x0000000713800000, 0x0000000713800000| Untracked 
| 121|0x0000000713900000, 0x0000000713900000, 0x0000000713a00000|  0%| F|  |TAMS 0x0000000713900000, 0x0000000713900000| Untracked 
| 122|0x0000000713a00000, 0x0000000713a00000, 0x0000000713b00000|  0%| F|  |TAMS 0x0000000713a00000, 0x0000000713a00000| Untracked 
| 123|0x0000000713b00000, 0x0000000713b00000, 0x0000000713c00000|  0%| F|  |TAMS 0x0000000713b00000, 0x0000000713b00000| Untracked 
| 124|0x0000000713c00000, 0x0000000713c00000, 0x0000000713d00000|  0%| F|  |TAMS 0x0000000713c00000, 0x0000000713c00000| Untracked 
| 125|0x0000000713d00000, 0x0000000713d00000, 0x0000000713e00000|  0%| F|  |TAMS 0x0000000713d00000, 0x0000000713d00000| Untracked 
| 126|0x0000000713e00000, 0x0000000713e00000, 0x0000000713f00000|  0%| F|  |TAMS 0x0000000713e00000, 0x0000000713e00000| Untracked 
| 127|0x0000000713f00000, 0x0000000713f00000, 0x0000000714000000|  0%| F|  |TAMS 0x0000000713f00000, 0x0000000713f00000| Untracked 
| 128|0x0000000714000000, 0x0000000714000000, 0x0000000714100000|  0%| F|  |TAMS 0x0000000714000000, 0x0000000714000000| Untracked 
| 129|0x0000000714100000, 0x0000000714100000, 0x0000000714200000|  0%| F|  |TAMS 0x0000000714100000, 0x0000000714100000| Untracked 
| 130|0x0000000714200000, 0x0000000714200000, 0x0000000714300000|  0%| F|  |TAMS 0x0000000714200000, 0x0000000714200000| Untracked 
| 131|0x0000000714300000, 0x0000000714300000, 0x0000000714400000|  0%| F|  |TAMS 0x0000000714300000, 0x0000000714300000| Untracked 
| 132|0x0000000714400000, 0x0000000714400000, 0x0000000714500000|  0%| F|  |TAMS 0x0000000714400000, 0x0000000714400000| Untracked 
| 133|0x0000000714500000, 0x0000000714500000, 0x0000000714600000|  0%| F|  |TAMS 0x0000000714500000, 0x0000000714500000| Untracked 
| 134|0x0000000714600000, 0x0000000714600000, 0x0000000714700000|  0%| F|  |TAMS 0x0000000714600000, 0x0000000714600000| Untracked 
| 135|0x0000000714700000, 0x0000000714700000, 0x0000000714800000|  0%| F|  |TAMS 0x0000000714700000, 0x0000000714700000| Untracked 
| 136|0x0000000714800000, 0x0000000714800000, 0x0000000714900000|  0%| F|  |TAMS 0x0000000714800000, 0x0000000714800000| Untracked 
| 137|0x0000000714900000, 0x0000000714900000, 0x0000000714a00000|  0%| F|  |TAMS 0x0000000714900000, 0x0000000714900000| Untracked 
| 138|0x0000000714a00000, 0x0000000714a00000, 0x0000000714b00000|  0%| F|  |TAMS 0x0000000714a00000, 0x0000000714a00000| Untracked 
| 139|0x0000000714b00000, 0x0000000714b00000, 0x0000000714c00000|  0%| F|  |TAMS 0x0000000714b00000, 0x0000000714b00000| Untracked 
| 140|0x0000000714c00000, 0x0000000714c00000, 0x0000000714d00000|  0%| F|  |TAMS 0x0000000714c00000, 0x0000000714c00000| Untracked 
| 141|0x0000000714d00000, 0x0000000714d00000, 0x0000000714e00000|  0%| F|  |TAMS 0x0000000714d00000, 0x0000000714d00000| Untracked 
| 142|0x0000000714e00000, 0x0000000714e00000, 0x0000000714f00000|  0%| F|  |TAMS 0x0000000714e00000, 0x0000000714e00000| Untracked 
| 143|0x0000000714f00000, 0x0000000714f00000, 0x0000000715000000|  0%| F|  |TAMS 0x0000000714f00000, 0x0000000714f00000| Untracked 
| 144|0x0000000715000000, 0x0000000715000000, 0x0000000715100000|  0%| F|  |TAMS 0x0000000715000000, 0x0000000715000000| Untracked 
| 145|0x0000000715100000, 0x0000000715100000, 0x0000000715200000|  0%| F|  |TAMS 0x0000000715100000, 0x0000000715100000| Untracked 
| 146|0x0000000715200000, 0x0000000715200000, 0x0000000715300000|  0%| F|  |TAMS 0x0000000715200000, 0x0000000715200000| Untracked 
| 147|0x0000000715300000, 0x0000000715300000, 0x0000000715400000|  0%| F|  |TAMS 0x0000000715300000, 0x0000000715300000| Untracked 
| 148|0x0000000715400000, 0x0000000715400000, 0x0000000715500000|  0%| F|  |TAMS 0x0000000715400000, 0x0000000715400000| Untracked 
| 149|0x0000000715500000, 0x0000000715500000, 0x0000000715600000|  0%| F|  |TAMS 0x0000000715500000, 0x0000000715500000| Untracked 
| 150|0x0000000715600000, 0x0000000715600000, 0x0000000715700000|  0%| F|  |TAMS 0x0000000715600000, 0x0000000715600000| Untracked 
| 151|0x0000000715700000, 0x0000000715700000, 0x0000000715800000|  0%| F|  |TAMS 0x0000000715700000, 0x0000000715700000| Untracked 
| 152|0x0000000715800000, 0x0000000715800000, 0x0000000715900000|  0%| F|  |TAMS 0x0000000715800000, 0x0000000715800000| Untracked 
| 153|0x0000000715900000, 0x0000000715900000, 0x0000000715a00000|  0%| F|  |TAMS 0x0000000715900000, 0x0000000715900000| Untracked 
| 154|0x0000000715a00000, 0x0000000715a00000, 0x0000000715b00000|  0%| F|  |TAMS 0x0000000715a00000, 0x0000000715a00000| Untracked 
| 155|0x0000000715b00000, 0x0000000715b00000, 0x0000000715c00000|  0%| F|  |TAMS 0x0000000715b00000, 0x0000000715b00000| Untracked 
| 156|0x0000000715c00000, 0x0000000715c00000, 0x0000000715d00000|  0%| F|  |TAMS 0x0000000715c00000, 0x0000000715c00000| Untracked 
| 157|0x0000000715d00000, 0x0000000715d00000, 0x0000000715e00000|  0%| F|  |TAMS 0x0000000715d00000, 0x0000000715d00000| Untracked 
| 158|0x0000000715e00000, 0x0000000715e00000, 0x0000000715f00000|  0%| F|  |TAMS 0x0000000715e00000, 0x0000000715e00000| Untracked 
| 159|0x0000000715f00000, 0x0000000715f00000, 0x0000000716000000|  0%| F|  |TAMS 0x0000000715f00000, 0x0000000715f00000| Untracked 
| 160|0x0000000716000000, 0x0000000716000000, 0x0000000716100000|  0%| F|  |TAMS 0x0000000716000000, 0x0000000716000000| Untracked 
| 161|0x0000000716100000, 0x0000000716100000, 0x0000000716200000|  0%| F|  |TAMS 0x0000000716100000, 0x0000000716100000| Untracked 
| 162|0x0000000716200000, 0x0000000716200000, 0x0000000716300000|  0%| F|  |TAMS 0x0000000716200000, 0x0000000716200000| Untracked 
| 163|0x0000000716300000, 0x0000000716300000, 0x0000000716400000|  0%| F|  |TAMS 0x0000000716300000, 0x0000000716300000| Untracked 
| 164|0x0000000716400000, 0x0000000716400000, 0x0000000716500000|  0%| F|  |TAMS 0x0000000716400000, 0x0000000716400000| Untracked 
| 165|0x0000000716500000, 0x0000000716500000, 0x0000000716600000|  0%| F|  |TAMS 0x0000000716500000, 0x0000000716500000| Untracked 
| 166|0x0000000716600000, 0x0000000716600000, 0x0000000716700000|  0%| F|  |TAMS 0x0000000716600000, 0x0000000716600000| Untracked 
| 167|0x0000000716700000, 0x0000000716700000, 0x0000000716800000|  0%| F|  |TAMS 0x0000000716700000, 0x0000000716700000| Untracked 
| 168|0x0000000716800000, 0x0000000716800000, 0x0000000716900000|  0%| F|  |TAMS 0x0000000716800000, 0x0000000716800000| Untracked 
| 169|0x0000000716900000, 0x0000000716900000, 0x0000000716a00000|  0%| F|  |TAMS 0x0000000716900000, 0x0000000716900000| Untracked 
| 170|0x0000000716a00000, 0x0000000716a00000, 0x0000000716b00000|  0%| F|  |TAMS 0x0000000716a00000, 0x0000000716a00000| Untracked 
| 171|0x0000000716b00000, 0x0000000716b00000, 0x0000000716c00000|  0%| F|  |TAMS 0x0000000716b00000, 0x0000000716b00000| Untracked 
| 172|0x0000000716c00000, 0x0000000716c00000, 0x0000000716d00000|  0%| F|  |TAMS 0x0000000716c00000, 0x0000000716c00000| Untracked 
| 173|0x0000000716d00000, 0x0000000716d00000, 0x0000000716e00000|  0%| F|  |TAMS 0x0000000716d00000, 0x0000000716d00000| Untracked 
| 174|0x0000000716e00000, 0x0000000716e00000, 0x0000000716f00000|  0%| F|  |TAMS 0x0000000716e00000, 0x0000000716e00000| Untracked 
| 175|0x0000000716f00000, 0x0000000716f00000, 0x0000000717000000|  0%| F|  |TAMS 0x0000000716f00000, 0x0000000716f00000| Untracked 
| 176|0x0000000717000000, 0x0000000717000000, 0x0000000717100000|  0%| F|  |TAMS 0x0000000717000000, 0x0000000717000000| Untracked 
| 177|0x0000000717100000, 0x0000000717100000, 0x0000000717200000|  0%| F|  |TAMS 0x0000000717100000, 0x0000000717100000| Untracked 
| 178|0x0000000717200000, 0x0000000717200000, 0x0000000717300000|  0%| F|  |TAMS 0x0000000717200000, 0x0000000717200000| Untracked 
| 179|0x0000000717300000, 0x0000000717300000, 0x0000000717400000|  0%| F|  |TAMS 0x0000000717300000, 0x0000000717300000| Untracked 
| 180|0x0000000717400000, 0x0000000717400000, 0x0000000717500000|  0%| F|  |TAMS 0x0000000717400000, 0x0000000717400000| Untracked 
| 181|0x0000000717500000, 0x0000000717500000, 0x0000000717600000|  0%| F|  |TAMS 0x0000000717500000, 0x0000000717500000| Untracked 
| 182|0x0000000717600000, 0x0000000717600000, 0x0000000717700000|  0%| F|  |TAMS 0x0000000717600000, 0x0000000717600000| Untracked 
| 183|0x0000000717700000, 0x0000000717700000, 0x0000000717800000|  0%| F|  |TAMS 0x0000000717700000, 0x0000000717700000| Untracked 
| 184|0x0000000717800000, 0x0000000717800000, 0x0000000717900000|  0%| F|  |TAMS 0x0000000717800000, 0x0000000717800000| Untracked 
| 185|0x0000000717900000, 0x0000000717900000, 0x0000000717a00000|  0%| F|  |TAMS 0x0000000717900000, 0x0000000717900000| Untracked 
| 186|0x0000000717a00000, 0x0000000717a00000, 0x0000000717b00000|  0%| F|  |TAMS 0x0000000717a00000, 0x0000000717a00000| Untracked 
| 187|0x0000000717b00000, 0x0000000717b00000, 0x0000000717c00000|  0%| F|  |TAMS 0x0000000717b00000, 0x0000000717b00000| Untracked 
| 188|0x0000000717c00000, 0x0000000717c00000, 0x0000000717d00000|  0%| F|  |TAMS 0x0000000717c00000, 0x0000000717c00000| Untracked 
| 189|0x0000000717d00000, 0x0000000717d00000, 0x0000000717e00000|  0%| F|  |TAMS 0x0000000717d00000, 0x0000000717d00000| Untracked 
| 190|0x0000000717e00000, 0x0000000717e00000, 0x0000000717f00000|  0%| F|  |TAMS 0x0000000717e00000, 0x0000000717e00000| Untracked 
| 191|0x0000000717f00000, 0x0000000717f00000, 0x0000000718000000|  0%| F|  |TAMS 0x0000000717f00000, 0x0000000717f00000| Untracked 
| 192|0x0000000718000000, 0x0000000718000000, 0x0000000718100000|  0%| F|  |TAMS 0x0000000718000000, 0x0000000718000000| Untracked 
| 193|0x0000000718100000, 0x0000000718100000, 0x0000000718200000|  0%| F|  |TAMS 0x0000000718100000, 0x0000000718100000| Untracked 
| 194|0x0000000718200000, 0x0000000718200000, 0x0000000718300000|  0%| F|  |TAMS 0x0000000718200000, 0x0000000718200000| Untracked 
| 195|0x0000000718300000, 0x0000000718300000, 0x0000000718400000|  0%| F|  |TAMS 0x0000000718300000, 0x0000000718300000| Untracked 
| 196|0x0000000718400000, 0x0000000718400000, 0x0000000718500000|  0%| F|  |TAMS 0x0000000718400000, 0x0000000718400000| Untracked 
| 197|0x0000000718500000, 0x0000000718500000, 0x0000000718600000|  0%| F|  |TAMS 0x0000000718500000, 0x0000000718500000| Untracked 
| 198|0x0000000718600000, 0x0000000718600000, 0x0000000718700000|  0%| F|  |TAMS 0x0000000718600000, 0x0000000718600000| Untracked 
| 199|0x0000000718700000, 0x0000000718700000, 0x0000000718800000|  0%| F|  |TAMS 0x0000000718700000, 0x0000000718700000| Untracked 
| 200|0x0000000718800000, 0x0000000718800000, 0x0000000718900000|  0%| F|  |TAMS 0x0000000718800000, 0x0000000718800000| Untracked 
| 201|0x0000000718900000, 0x0000000718900000, 0x0000000718a00000|  0%| F|  |TAMS 0x0000000718900000, 0x0000000718900000| Untracked 
| 202|0x0000000718a00000, 0x0000000718a00000, 0x0000000718b00000|  0%| F|  |TAMS 0x0000000718a00000, 0x0000000718a00000| Untracked 
| 203|0x0000000718b00000, 0x0000000718b00000, 0x0000000718c00000|  0%| F|  |TAMS 0x0000000718b00000, 0x0000000718b00000| Untracked 
| 204|0x0000000718c00000, 0x0000000718c00000, 0x0000000718d00000|  0%| F|  |TAMS 0x0000000718c00000, 0x0000000718c00000| Untracked 
| 205|0x0000000718d00000, 0x0000000718d00000, 0x0000000718e00000|  0%| F|  |TAMS 0x0000000718d00000, 0x0000000718d00000| Untracked 
| 206|0x0000000718e00000, 0x0000000718e00000, 0x0000000718f00000|  0%| F|  |TAMS 0x0000000718e00000, 0x0000000718e00000| Untracked 
| 207|0x0000000718f00000, 0x0000000718f00000, 0x0000000719000000|  0%| F|  |TAMS 0x0000000718f00000, 0x0000000718f00000| Untracked 
| 208|0x0000000719000000, 0x0000000719000000, 0x0000000719100000|  0%| F|  |TAMS 0x0000000719000000, 0x0000000719000000| Untracked 
| 209|0x0000000719100000, 0x0000000719100000, 0x0000000719200000|  0%| F|  |TAMS 0x0000000719100000, 0x0000000719100000| Untracked 
| 210|0x0000000719200000, 0x0000000719200000, 0x0000000719300000|  0%| F|  |TAMS 0x0000000719200000, 0x0000000719200000| Untracked 
| 211|0x0000000719300000, 0x0000000719300000, 0x0000000719400000|  0%| F|  |TAMS 0x0000000719300000, 0x0000000719300000| Untracked 
| 212|0x0000000719400000, 0x0000000719400000, 0x0000000719500000|  0%| F|  |TAMS 0x0000000719400000, 0x0000000719400000| Untracked 
| 213|0x0000000719500000, 0x0000000719500000, 0x0000000719600000|  0%| F|  |TAMS 0x0000000719500000, 0x0000000719500000| Untracked 
| 214|0x0000000719600000, 0x0000000719600000, 0x0000000719700000|  0%| F|  |TAMS 0x0000000719600000, 0x0000000719600000| Untracked 
| 215|0x0000000719700000, 0x0000000719700000, 0x0000000719800000|  0%| F|  |TAMS 0x0000000719700000, 0x0000000719700000| Untracked 
| 216|0x0000000719800000, 0x0000000719800000, 0x0000000719900000|  0%| F|  |TAMS 0x0000000719800000, 0x0000000719800000| Untracked 
| 217|0x0000000719900000, 0x0000000719a00000, 0x0000000719a00000|100%| S|CS|TAMS 0x0000000719900000, 0x0000000719900000| Complete 
| 218|0x0000000719a00000, 0x0000000719b00000, 0x0000000719b00000|100%| S|CS|TAMS 0x0000000719a00000, 0x0000000719a00000| Complete 
| 219|0x0000000719b00000, 0x0000000719c00000, 0x0000000719c00000|100%| S|CS|TAMS 0x0000000719b00000, 0x0000000719b00000| Complete 
| 220|0x0000000719c00000, 0x0000000719c00000, 0x0000000719d00000|  0%| F|  |TAMS 0x0000000719c00000, 0x0000000719c00000| Untracked 
| 221|0x0000000719d00000, 0x0000000719d00000, 0x0000000719e00000|  0%| F|  |TAMS 0x0000000719d00000, 0x0000000719d00000| Untracked 
| 222|0x0000000719e00000, 0x0000000719e00000, 0x0000000719f00000|  0%| F|  |TAMS 0x0000000719e00000, 0x0000000719e00000| Untracked 
| 223|0x0000000719f00000, 0x0000000719f00000, 0x000000071a000000|  0%| F|  |TAMS 0x0000000719f00000, 0x0000000719f00000| Untracked 
| 224|0x000000071a000000, 0x000000071a000000, 0x000000071a100000|  0%| F|  |TAMS 0x000000071a000000, 0x000000071a000000| Untracked 
| 225|0x000000071a100000, 0x000000071a100000, 0x000000071a200000|  0%| F|  |TAMS 0x000000071a100000, 0x000000071a100000| Untracked 
| 226|0x000000071a200000, 0x000000071a200000, 0x000000071a300000|  0%| F|  |TAMS 0x000000071a200000, 0x000000071a200000| Untracked 
| 227|0x000000071a300000, 0x000000071a300000, 0x000000071a400000|  0%| F|  |TAMS 0x000000071a300000, 0x000000071a300000| Untracked 
| 228|0x000000071a400000, 0x000000071a400000, 0x000000071a500000|  0%| F|  |TAMS 0x000000071a400000, 0x000000071a400000| Untracked 
| 229|0x000000071a500000, 0x000000071a500000, 0x000000071a600000|  0%| F|  |TAMS 0x000000071a500000, 0x000000071a500000| Untracked 
| 230|0x000000071a600000, 0x000000071a600000, 0x000000071a700000|  0%| F|  |TAMS 0x000000071a600000, 0x000000071a600000| Untracked 
| 231|0x000000071a700000, 0x000000071a700000, 0x000000071a800000|  0%| F|  |TAMS 0x000000071a700000, 0x000000071a700000| Untracked 
| 232|0x000000071a800000, 0x000000071a800000, 0x000000071a900000|  0%| F|  |TAMS 0x000000071a800000, 0x000000071a800000| Untracked 
| 233|0x000000071a900000, 0x000000071a900000, 0x000000071aa00000|  0%| F|  |TAMS 0x000000071a900000, 0x000000071a900000| Untracked 
| 234|0x000000071aa00000, 0x000000071aa00000, 0x000000071ab00000|  0%| F|  |TAMS 0x000000071aa00000, 0x000000071aa00000| Untracked 
| 235|0x000000071ab00000, 0x000000071ab00000, 0x000000071ac00000|  0%| F|  |TAMS 0x000000071ab00000, 0x000000071ab00000| Untracked 
| 236|0x000000071ac00000, 0x000000071ac00000, 0x000000071ad00000|  0%| F|  |TAMS 0x000000071ac00000, 0x000000071ac00000| Untracked 
| 237|0x000000071ad00000, 0x000000071ad00000, 0x000000071ae00000|  0%| F|  |TAMS 0x000000071ad00000, 0x000000071ad00000| Untracked 
| 238|0x000000071ae00000, 0x000000071ae00000, 0x000000071af00000|  0%| F|  |TAMS 0x000000071ae00000, 0x000000071ae00000| Untracked 
| 239|0x000000071af00000, 0x000000071af00000, 0x000000071b000000|  0%| F|  |TAMS 0x000000071af00000, 0x000000071af00000| Untracked 
| 240|0x000000071b000000, 0x000000071b000000, 0x000000071b100000|  0%| F|  |TAMS 0x000000071b000000, 0x000000071b000000| Untracked 
| 241|0x000000071b100000, 0x000000071b100000, 0x000000071b200000|  0%| F|  |TAMS 0x000000071b100000, 0x000000071b100000| Untracked 
| 242|0x000000071b200000, 0x000000071b300000, 0x000000071b300000|100%| E|  |TAMS 0x000000071b200000, 0x000000071b200000| Complete 
| 243|0x000000071b300000, 0x000000071b400000, 0x000000071b400000|100%| E|CS|TAMS 0x000000071b300000, 0x000000071b300000| Complete 

Card table byte_map: [0x0000028168480000,0x0000028168c20000] _byte_map_base: 0x0000028164c20000

Marking Bits (Prev, Next): (CMBitMap*) 0x000002814fd5a318, (CMBitMap*) 0x000002814fd5a350
 Prev Bits: [0x00000281693c0000, 0x000002816d0c0000)
 Next Bits: [0x000002816d0c0000, 0x0000028170dc0000)

Polling page: 0x000002814dc80000

Metaspace:

Usage:
  Non-class:      7.64 MB capacity,     7.49 MB ( 98%) used,   149.15 KB (  2%) free+waste,     6.88 KB ( <1%) overhead. 
      Class:    809.00 KB capacity,   764.04 KB ( 94%) used,    42.15 KB (  5%) free+waste,     2.81 KB ( <1%) overhead. 
       Both:      8.43 MB capacity,     8.24 MB ( 98%) used,   191.30 KB (  2%) free+waste,     9.69 KB ( <1%) overhead. 

Virtual space:
  Non-class space:        8.00 MB reserved,       7.75 MB ( 97%) committed 
      Class space:        1.00 GB reserved,     896.00 KB ( <1%) committed 
             Both:        1.01 GB reserved,       8.62 MB ( <1%) committed 

Chunk freelists:
   Non-Class:  46.00 KB
       Class:  23.00 KB
        Both:  69.00 KB

MaxMetaspaceSize: 17179869184.00 GB
CompressedClassSpaceSize: 1.00 GB
Initial GC threshold: 20.80 MB
Current GC threshold: 20.80 MB
CDS: off

CodeHeap 'non-profiled nmethods': size=233856Kb used=1229Kb max_used=1229Kb free=232626Kb
 bounds [0x0000028159000000, 0x0000028159270000, 0x0000028167460000]
CodeHeap 'non-nmethods': size=11904Kb used=1179Kb max_used=1179Kb free=10724Kb
 bounds [0x0000028158460000, 0x00000281586d0000, 0x0000028159000000]
 total_blobs=1100 nmethods=754 adapters=282
 compilation: enabled
              stopped_count=0, restarted_count=0
 full_count=0

Compilation events (20 events):
Event: 1.039 Thread 0x000002817484a000  729       1       sun.util.locale.LocaleUtils::isEmpty (19 bytes)
Event: 1.039 Thread 0x000002817484a000 nmethod 729 0x0000028159128710 code [0x00000281591288c0, 0x00000281591289a8]
Event: 1.039 Thread 0x000002817484a000  730       1       sun.util.locale.InternalLocaleBuilder::getBaseLocale (186 bytes)
Event: 1.040 Thread 0x000002817484a000 nmethod 730 0x0000028159128a10 code [0x0000028159128ca0, 0x00000281591293e8]
Event: 1.051 Thread 0x000002817484a000  746       1       sun.invoke.util.Wrapper::basicTypeChar (5 bytes)
Event: 1.051 Thread 0x000002817484a000 nmethod 746 0x0000028159129910 code [0x0000028159129ac0, 0x0000028159129b78]
Event: 1.054 Thread 0x000002817484a000  748       1       java.util.jar.JarFile::maybeInstantiateVerifier (112 bytes)
Event: 1.054 Thread 0x000002817484a000 nmethod 748 0x0000028159129f10 code [0x000002815912a140, 0x000002815912a518]
Event: 1.054 Thread 0x000002817484a000  749       1       java.lang.StringUTF16::getChars (42 bytes)
Event: 1.055 Thread 0x000002817484a000 nmethod 749 0x000002815912a910 code [0x000002815912aac0, 0x000002815912ac48]
Event: 1.067 Thread 0x000002817484a000  750       1       java.net.URLStreamHandler::parseURL (1201 bytes)
Event: 1.078 Thread 0x000002817484a000 nmethod 750 0x000002815912ae10 code [0x000002815912b740, 0x000002815912f688]
Event: 1.078 Thread 0x000002817484a000  751       1       java.util.Collections$UnmodifiableCollection$1::next (10 bytes)
Event: 1.078 Thread 0x000002817484a000 nmethod 751 0x0000028159132710 code [0x00000281591328c0, 0x00000281591329a8]
Event: 1.078 Thread 0x000002817484a000  752       1       java.nio.CharBuffer::position (8 bytes)
Event: 1.079 Thread 0x000002817484a000 nmethod 752 0x0000028159132a10 code [0x0000028159132bc0, 0x0000028159132ca8]
Event: 1.079 Thread 0x000002817484a000  753       1       java.nio.CharBuffer::position (6 bytes)
Event: 1.079 Thread 0x000002817484a000 nmethod 753 0x0000028159132d10 code [0x0000028159132ec0, 0x0000028159132fa8]
Event: 1.079 Thread 0x000002817484a000  754       1       java.nio.ByteBuffer::array (35 bytes)
Event: 1.079 Thread 0x000002817484a000 nmethod 754 0x0000028159133090 code [0x0000028159133260, 0x0000028159133418]

GC Heap History (2 events):
Event: 1.041 GC heap before
{Heap before GC invocations=0 (full 0):
 garbage-first heap   total 249856K, used 26624K [0x000000070c000000, 0x0000000800000000)
  region size 1024K, 24 young (24576K), 0 survivors (0K)
 Metaspace       used 8265K, capacity 8507K, committed 8832K, reserved 1056768K
  class space    used 738K, capacity 809K, committed 896K, reserved 1048576K
}
Event: 1.048 GC heap after
{Heap after GC invocations=1 (full 0):
 garbage-first heap   total 249856K, used 14060K [0x000000070c000000, 0x0000000800000000)
  region size 1024K, 3 young (3072K), 3 survivors (3072K)
 Metaspace       used 8265K, capacity 8507K, committed 8832K, reserved 1056768K
  class space    used 738K, capacity 809K, committed 896K, reserved 1048576K
}

Deoptimization events (0 events):
No events

Classes redefined (0 events):
No events

Internal exceptions (6 events):
Event: 0.972 Thread 0x000002814fcf5800 Exception <a 'java/lang/ClassNotFoundException'{0x000000071a0f8668}: javax/smartcardio/CardPermission> (0x000000071a0f8668) thrown at [s\src\hotspot\share\classfile\systemDictionary.cpp, line 230]
Event: 0.975 Thread 0x000002814fcf5800 Exception <a 'java/io/FileNotFoundException'{0x0000000719f070f8}> (0x0000000719f070f8) thrown at [s\src\hotspot\share\prims\jni.cpp, line 617]
Event: 1.064 Thread 0x000002814fcf5800 Exception <a 'java/lang/NoSuchMethodError'{0x000000071b245cb8}: 'org.slf4j.impl.StaticMDCBinder org.slf4j.impl.StaticMDCBinder.getSingleton()'> (0x000000071b245cb8) thrown at [s\src\hotspot\share\interpreter\linkResolver.cpp, line 773]
Event: 1.076 Thread 0x000002814fcf5800 Exception <a 'java/lang/NoClassDefFoundError'{0x000000071b2903d0}: org/jetbrains/capture/org/objectweb/asm/Type> (0x000000071b2903d0) thrown at [s\src\hotspot\share\classfile\systemDictionary.cpp, line 228]
Event: 1.078 Thread 0x000002814fcf5800 Exception <a 'java/lang/NoClassDefFoundError'{0x000000071b2945e0}: com/intellij/rt/debugger/agent/CollectionBreakpointInstrumentor> (0x000000071b2945e0) thrown at [s\src\hotspot\share\classfile\systemDictionary.cpp, line 228]
Event: 1.078 Thread 0x000002814fcf5800 Exception <a 'java/lang/reflect/InvocationTargetException'{0x000000071b294938}> (0x000000071b294938) thrown at [s\src\hotspot\share\runtime\reflection.cpp, line 1245]

Events (20 events):
Event: 1.073 loading class com/intellij/rt/debugger/agent/CaptureAgent$1
Event: 1.074 loading class com/intellij/rt/debugger/agent/CaptureAgent$1 done
Event: 1.074 loading class com/intellij/rt/debugger/agent/CaptureAgent$InstrumentPoint
Event: 1.074 loading class com/intellij/rt/debugger/agent/CaptureAgent$InstrumentPoint done
Event: 1.074 loading class com/intellij/rt/debugger/agent/CaptureAgent$FieldKeyProvider
Event: 1.074 loading class com/intellij/rt/debugger/agent/CaptureAgent$FieldKeyProvider done
Event: 1.075 loading class java/util/ArrayList$SubList
Event: 1.075 loading class java/util/ArrayList$SubList done
Event: 1.076 loading class org/jetbrains/capture/org/objectweb/asm/Type
Event: 1.076 loading class org/jetbrains/capture/org/objectweb/asm/Type done
Event: 1.077 loading class java/lang/Throwable$WrappedPrintStream
Event: 1.077 loading class java/lang/Throwable$PrintStreamOrWriter
Event: 1.077 loading class java/lang/Throwable$PrintStreamOrWriter done
Event: 1.077 loading class java/lang/Throwable$WrappedPrintStream done
Event: 1.078 loading class java/lang/StackTraceElement$HashedModules
Event: 1.078 loading class java/lang/StackTraceElement$HashedModules done
Event: 1.078 loading class com/intellij/rt/debugger/agent/CollectionBreakpointInstrumentor
Event: 1.078 loading class com/intellij/rt/debugger/agent/CollectionBreakpointInstrumentor done
Event: 1.078 loading class java/lang/reflect/InvocationTargetException
Event: 1.078 loading class java/lang/reflect/InvocationTargetException done


Dynamic libraries:
0x00007ff6efc30000 - 0x00007ff6efc3e000 	C:\Users\86136\.jdks\corretto-11.0.22\bin\java.exe
0x00007ffed6c20000 - 0x00007ffed6e29000 	C:\Windows\SYSTEM32\ntdll.dll
0x00007ffed5e50000 - 0x00007ffed5f0d000 	C:\Windows\System32\KERNEL32.DLL
0x00007ffed4100000 - 0x00007ffed447d000 	C:\Windows\System32\KERNELBASE.dll
0x00007ffed4990000 - 0x00007ffed4aa1000 	C:\Windows\System32\ucrtbase.dll
0x00007ffec6480000 - 0x00007ffec649b000 	C:\Users\86136\.jdks\corretto-11.0.22\bin\VCRUNTIME140.dll
0x00007ffec6570000 - 0x00007ffec6587000 	C:\Users\86136\.jdks\corretto-11.0.22\bin\jli.dll
0x00007ffed5fa0000 - 0x00007ffed614d000 	C:\Windows\System32\USER32.dll
0x00007ffed4670000 - 0x00007ffed4696000 	C:\Windows\System32\win32u.dll
0x00007ffec14f0000 - 0x00007ffec1795000 	C:\Windows\WinSxS\amd64_microsoft.windows.common-controls_6595b64144ccf1df_6.0.22000.120_none_9d947278b86cc467\COMCTL32.dll
0x00007ffed4cd0000 - 0x00007ffed4d73000 	C:\Windows\System32\msvcrt.dll
0x00007ffed6bb0000 - 0x00007ffed6bd9000 	C:\Windows\System32\GDI32.dll
0x00007ffed4870000 - 0x00007ffed4988000 	C:\Windows\System32\gdi32full.dll
0x00007ffed4710000 - 0x00007ffed47ad000 	C:\Windows\System32\msvcp_win.dll
0x00007ffed4c90000 - 0x00007ffed4cc1000 	C:\Windows\System32\IMM32.DLL
0x00007ffec7700000 - 0x00007ffec770c000 	C:\Users\86136\.jdks\corretto-11.0.22\bin\vcruntime140_1.dll
0x00007ffec0330000 - 0x00007ffec03bd000 	C:\Users\86136\.jdks\corretto-11.0.22\bin\msvcp140.dll
0x00007ffded850000 - 0x00007ffdee413000 	C:\Users\86136\.jdks\corretto-11.0.22\bin\server\jvm.dll
0x00007ffed4ab0000 - 0x00007ffed4b5e000 	C:\Windows\System32\ADVAPI32.dll
0x00007ffed6700000 - 0x00007ffed679e000 	C:\Windows\System32\sechost.dll
0x00007ffed6250000 - 0x00007ffed6370000 	C:\Windows\System32\RPCRT4.dll
0x00007ffed59d0000 - 0x00007ffed59d8000 	C:\Windows\System32\PSAPI.DLL
0x00007ffeccfe0000 - 0x00007ffecd013000 	C:\Windows\SYSTEM32\WINMM.dll
0x00007ffecacc0000 - 0x00007ffecacca000 	C:\Windows\SYSTEM32\VERSION.dll
0x00007ffecc2a0000 - 0x00007ffecc2a9000 	C:\Windows\SYSTEM32\WSOCK32.dll
0x00007ffed5de0000 - 0x00007ffed5e4f000 	C:\Windows\System32\WS2_32.dll
0x00007ffed3200000 - 0x00007ffed3218000 	C:\Windows\SYSTEM32\kernel.appcore.dll
0x00007ffec7650000 - 0x00007ffec7660000 	C:\Users\86136\.jdks\corretto-11.0.22\bin\verify.dll
0x00007ffec95e0000 - 0x00007ffec9801000 	C:\Windows\SYSTEM32\DBGHELP.DLL
0x00007ffec6970000 - 0x00007ffec69a1000 	C:\Windows\SYSTEM32\dbgcore.DLL
0x00007ffed4480000 - 0x00007ffed44ff000 	C:\Windows\System32\bcryptPrimitives.dll
0x00007ffec6310000 - 0x00007ffec6338000 	C:\Users\86136\.jdks\corretto-11.0.22\bin\java.dll
0x00007ffec6b20000 - 0x00007ffec6b2a000 	C:\Users\86136\.jdks\corretto-11.0.22\bin\jimage.dll
0x00007ffe48790000 - 0x00007ffe487c9000 	C:\Users\86136\.jdks\corretto-11.0.22\bin\jdwp.dll
0x00007ffec8a10000 - 0x00007ffec8a1e000 	C:\Users\86136\.jdks\corretto-11.0.22\bin\instrument.dll
0x00007ffec5f50000 - 0x00007ffec5f68000 	C:\Users\86136\.jdks\corretto-11.0.22\bin\zip.dll
0x00007ffed4d80000 - 0x00007ffed5538000 	C:\Windows\System32\SHELL32.dll
0x00007ffed2270000 - 0x00007ffed2ad8000 	C:\Windows\SYSTEM32\windows.storage.dll
0x00007ffed5a60000 - 0x00007ffed5dd9000 	C:\Windows\System32\combase.dll
0x00007ffed2100000 - 0x00007ffed2266000 	C:\Windows\SYSTEM32\wintypes.dll
0x00007ffed6a60000 - 0x00007ffed6b4a000 	C:\Windows\System32\SHCORE.dll
0x00007ffed4c30000 - 0x00007ffed4c8d000 	C:\Windows\System32\shlwapi.dll
0x00007ffed4030000 - 0x00007ffed4051000 	C:\Windows\SYSTEM32\profapi.dll
0x00007ffec89f0000 - 0x00007ffec89fa000 	C:\Users\86136\.jdks\corretto-11.0.22\bin\dt_socket.dll
0x00007ffed36a0000 - 0x00007ffed3707000 	C:\Windows\system32\mswsock.dll
0x00007ffec5f30000 - 0x00007ffec5f49000 	C:\Users\86136\.jdks\corretto-11.0.22\bin\net.dll
0x00007ffeceb10000 - 0x00007ffecec1c000 	C:\Windows\SYSTEM32\WINHTTP.dll
0x00007ffec5f10000 - 0x00007ffec5f22000 	C:\Users\86136\.jdks\corretto-11.0.22\bin\nio.dll

dbghelp: loaded successfully - version: 4.0.5 - missing functions: none
symbol engine: initialized successfully - sym options: 0x614 - pdb path: .;C:\Users\86136\.jdks\corretto-11.0.22\bin;C:\Windows\SYSTEM32;C:\Windows\WinSxS\amd64_microsoft.windows.common-controls_6595b64144ccf1df_6.0.22000.120_none_9d947278b86cc467;C:\Users\86136\.jdks\corretto-11.0.22\bin\server

VM Arguments:
jvm_args: -agentlib:jdwp=transport=dt_socket,address=127.0.0.1:31591,suspend=y,server=n -XX:TieredStopAtLevel=1 -Xverify:none -Dspring.output.ansi.enabled=always -Dcom.sun.management.jmxremote -Dspring.jmx.enabled=true -Dspring.liveBeansView.mbeanDomain -Dspring.application.admin.enabled=true -Dmanagement.endpoints.jmx.exposure.include=* -javaagent:C:\Users\86136\AppData\Local\JetBrains\IntelliJIdea2023.3\captureAgent\debugger-agent.jar=file:/C:/Users/86136/AppData/Local/Temp/capture1.props -Dfile.encoding=UTF-8 
java_command: com.jzo2o.foundations.FoundationsApplication
java_class_path (initial): D:\project_management\jzo2o-foundations\target\classes;F:\Default_software\repository\com\alibaba\cloud\spring-cloud-starter-alibaba-nacos-discovery\2021.0.1.0\spring-cloud-starter-alibaba-nacos-discovery-2021.0.1.0.jar;F:\Default_software\repository\com\alibaba\cloud\spring-cloud-alibaba-commons\2021.0.1.0\spring-cloud-alibaba-commons-2021.0.1.0.jar;F:\Default_software\repository\com\alibaba\nacos\nacos-client\1.4.2\nacos-client-1.4.2.jar;F:\Default_software\repository\com\alibaba\nacos\nacos-common\1.4.2\nacos-common-1.4.2.jar;F:\Default_software\repository\org\apache\httpcomponents\httpasyncclient\4.1.5\httpasyncclient-4.1.5.jar;F:\Default_software\repository\com\alibaba\nacos\nacos-api\1.4.2\nacos-api-1.4.2.jar;F:\Default_software\repository\com\google\guava\guava\30.1-jre\guava-30.1-jre.jar;F:\Default_software\repository\com\google\guava\failureaccess\1.0.1\failureaccess-1.0.1.jar;F:\Default_software\repository\com\google\guava\listenablefuture\9999.0-empty-to-avoid-conflict-with-guava\listenablefuture-9999.0-empty-to-avoid-conflict-with-guava.jar;F:\Default_software\repository\org\checkerframework\checker-qual\3.5.0\checker-qual-3.5.0.jar;F:\Default_software\repository\com\google\errorprone\error_prone_annotations\2.3.4\error_prone_annotations-2.3.4.jar;F:\Default_software\repository\com\google\j2objc\j2objc-annotations\1.3\j2objc-annotations-1.3.jar;F:\Default_software\repository\commons-codec\commons-codec\1.15\commons-codec-1.15.jar;F:\Default_software\repository\io\prometheus\simpleclient\0.15.0\simpleclient-0.15.0.jar;F:\Default_software\repository\io\prometheus\simpleclient_tracer_otel\0.15.0\simpleclient_tracer_otel-0.15.0.jar;F:\Default_software\repository\io\prometheus\simpleclient_tracer_common\0.15.0\simpleclient_tracer_common-0.15.0.jar;F:\Default_software\repository\io\prometheus\simpleclient_tracer_otel_agent\0.15.0\simpleclient_tracer_otel_agent-0.15.0.jar;F:\Default_software\repository\org\yaml\snakeyaml\1.33\snakey
Launcher Type: SUN_STANDARD

[Global flags]
     bool BytecodeVerificationLocal                = false                                     {product} {command line}
     bool BytecodeVerificationRemote               = false                                     {product} {command line}
     intx CICompilerCount                          = 12                                        {product} {ergonomic}
     uint ConcGCThreads                            = 3                                         {product} {ergonomic}
     uint G1ConcRefinementThreads                  = 13                                        {product} {ergonomic}
   size_t G1HeapRegionSize                         = 1048576                                   {product} {ergonomic}
    uintx GCDrainStackTargetSize                   = 64                                        {product} {ergonomic}
   size_t InitialHeapSize                          = 255852544                                 {product} {ergonomic}
     bool ManagementServer                         = true                                      {product} {command line}
   size_t MarkStackSize                            = 4194304                                   {product} {ergonomic}
   size_t MaxHeapSize                              = 4093640704                                {product} {ergonomic}
   size_t MaxNewSize                               = 2455764992                                {product} {ergonomic}
   size_t MinHeapDeltaBytes                        = 1048576                                   {product} {ergonomic}
    uintx NonNMethodCodeHeapSize                   = 12163472                               {pd product} {ergonomic}
    uintx NonProfiledCodeHeapSize                  = 239494768                              {pd product} {ergonomic}
    uintx ProfiledCodeHeapSize                     = 0                                      {pd product} {ergonomic}
    uintx ReservedCodeCacheSize                    = 251658240                              {pd product} {ergonomic}
     bool SegmentedCodeCache                       = true                                      {product} {ergonomic}
     intx TieredStopAtLevel                        = 1                                         {product} {command line}
     bool UseCompressedClassPointers               = true                                 {lp64_product} {ergonomic}
     bool UseCompressedOops                        = true                                 {lp64_product} {ergonomic}
     bool UseG1GC                                  = true                                      {product} {ergonomic}
     bool UseLargePagesIndividualAllocation        = false                                  {pd product} {ergonomic}

Logging:
Log output configuration:
 #0: stdout all=warning uptime,level,tags
 #1: stderr all=off uptime,level,tags

Environment Variables:
JAVA_HOME=D:\software\jdk-17_windows-x64_bin\jdk-17.0.8\
PATH=E:\Linux_learning\bin\;C:\Windows\system32;C:\Windows;C:\Windows\System32\Wbem;D:\software\jdk-17_windows-x64_bin\jdk-17.0.8\\bin;C:\Program Files (x86)\Common Files\Oracle\Java\javapath;C:\Windows\System32\WindowsPowerShell\v1.0\;C:\Windows\System32\OpenSSH\;C:\Program Files (x86)\NVIDIA Corporation\PhysX\Common;C:\Program Files\NVIDIA Corporation\NVIDIA NvDLISR;C:\TDM-GCC-64\bin;D:\C,c++\vscode-C\AutoVsCEnv_WPF-V1.994\Microsoft VS Code\bin;C:\User;\86136\Downloads\winlibs-x86_64-posix-seh-gcc-11.2.0-mingw-w64ucrt-9.0.0-r2;C:\Program Files\MySQL\MySQL Server 8.0\bin\;D:\software\apache-maven-3.9.6\bin;D:\python;D:\python\Scripts;D:\python\Library\bin;D:\python\Library\mingw-w64\bin;D:\python\Library\usr\bin;C:\Program Files\MySQL\MySQL Server 8.0\bin;D:\develop\nodejs\node_global\node_modules;E:\program_use_tools\Git\cmd;D:\develop\nodejs\node_global\bin;D:\software\web\dll;D:\software\bin;D:\software\apache-tomcat-10.1.16\lib;D:\software\apache-tomcat-10.1.16\bin;D:\software\apache-tomcat-10.1.16\lib\servlet-api.jar;D:\software\;D:\Java_utils\apache-jmeter-5.6.3\apache-jmeter-5.6.3\bin;C:\Program Files\dotnet\;C:\Users\86136\AppData\Local\Microsoft\WindowsApps;D:\software\jdk-17_windows-x64_bin\jdk-17.0.8\\bin;D:\C,c++\Microsoft VS Code\bin;C:\TDM-GCC-64\bin;C:\Users\86136\Downloads\winlibs-x86_64-posix-seh-gcc-11.2.0-mingw-w64ucrt-9.0.0-r2;D:\develop\nodejs\node_global;E:\WebStorm 2023.2.2\bin;;D:\software\;C:\Users\86136\AppData\Local\GitHubDesktop\bin;C:\Users\86136\.dotnet\tools;C:\Users\86136\AppData\Roaming\npm
USERNAME=86136
OS=Windows_NT
PROCESSOR_IDENTIFIER=AMD64 Family 25 Model 68 Stepping 1, AuthenticAMD
TMP=C:\Users\86136\AppData\Local\Temp
TEMP=C:\Users\86136\AppData\Local\Temp



---------------  S Y S T E M  ---------------

OS: Windows 11 , 64 bit Build 22000 (10.0.22000.708)
OS uptime: 1 days 7:09 hours

CPU:total 16 (initial active 16) (16 cores per cpu, 2 threads per core) family 25 model 68 stepping 1 microcode 0x0, cmov, cx8, fxsr, mmx, sse, sse2, sse3, ssse3, sse4.1, sse4.2, popcnt, avx, avx2, aes, clmul, mmxext, 3dnowpref, lzcnt, sse4a, ht, tsc, tscinvbit, tscinv, bmi1, bmi2, adx, sha, fma

Memory: 4k page, system-wide physical 15613M (315M free)
TotalPageFile size 41213M (AvailPageFile size 5690M)
current process WorkingSet (physical memory assigned to process): 87M, peak: 87M
current process commit charge ("private bytes"): 352M, peak: 352M

vm_info: OpenJDK 64-Bit Server VM (11.0.22+7-LTS) for windows-amd64 JRE (11.0.22+7-LTS), built on Jan 10 2024 19:54:00 by "Administrator" with MS VC++ 16.10 / 16.11 (VS2019)

END.
